<?xml version="1.0" encoding="UTF-8"?>
<!-- Generated by org.testng.reporters.JUnitReportReporter -->
<testsuite skipped="5" hostname="DESKTOP-ODFPRUL" name="com.class03.HwAdd5Employee" tests="6" failures="0" timestamp="2020-01-15T19:18:34 EST" time="16.659" errors="1">
  <testcase name="addEmployee" time="0.000" classname="com.class03.HwAdd5Employee">
    <skipped/>
  </testcase> <!-- addEmployee -->
  <testcase name="addEmployee" time="0.000" classname="com.class03.HwAdd5Employee">
    <skipped/>
  </testcase> <!-- addEmployee -->
  <testcase name="addEmployee" time="0.000" classname="com.class03.HwAdd5Employee">
    <skipped/>
  </testcase> <!-- addEmployee -->
  <testcase name="addEmployee" time="0.000" classname="com.class03.HwAdd5Employee">
    <skipped/>
  </testcase> <!-- addEmployee -->
  <testcase name="addEmployee" time="0.000" classname="com.class03.HwAdd5Employee">
    <skipped/>
  </testcase> <!-- addEmployee -->
  <testcase name="Open" time="16.659" classname="com.class03.HwAdd5Employee">
    <error type="org.openqa.selenium.SessionNotCreatedException" message="session not created
from chrome not reachable
  (Session info: chrome=79.0.3945.117)
Build info: version: &#039;3.141.59&#039;, revision: &#039;e82be7d358&#039;, time: &#039;2018-11-14T08:25:48&#039;
System info: host: &#039;DESKTOP-ODFPRUL&#039;, ip: &#039;192.168.0.5&#039;, os.name: &#039;Windows 10&#039;, os.arch: &#039;amd64&#039;, os.version: &#039;10.0&#039;, java.version: &#039;1.8.0_231&#039;
Driver info: driver.version: ChromeDriver
remote stacktrace: Backtrace:
	Ordinal0 [0x00D5A113+1548563]
	Ordinal0 [0x00CDDDA1+1039777]
	Ordinal0 [0x00C5E32E+516910]
	Ordinal0 [0x00C58012+491538]
	Ordinal0 [0x00C586EB+493291]
	Ordinal0 [0x00C59855+497749]
	Ordinal0 [0x00C55885+481413]
	Ordinal0 [0x00C5F0D0+520400]
	Ordinal0 [0x00C0C030+180272]
	Ordinal0 [0x00C0B59D+177565]
	Ordinal0 [0x00C095FB+169467]
	Ordinal0 [0x00BF160A+71178]
	Ordinal0 [0x00BF2690+75408]
	Ordinal0 [0x00BF2629+75305]
	Ordinal0 [0x00CF71B7+1143223]
	GetHandleVerifier [0x00DF2B46+507814]
	GetHandleVerifier [0x00DF2864+507076]
	GetHandleVerifier [0x00DF9F47+537511]
	GetHandleVerifier [0x00DF3402+510050]
	Ordinal0 [0x00CEF29C+1110684]
	Ordinal0 [0x00CF938B+1151883]
	Ordinal0 [0x00CF94F3+1152243]
	Ordinal0 [0x00CF83F5+1147893]
	BaseThreadInitThunk [0x76CA6359+25]
	RtlGetAppContainerNamedObjectPath [0x77377B74+228]
	RtlGetAppContainerNamedObjectPath [0x77377B44+180]
">
      <![CDATA[org.openqa.selenium.SessionNotCreatedException: session not created
from chrome not reachable
  (Session info: chrome=79.0.3945.117)
Build info: version: '3.141.59', revision: 'e82be7d358', time: '2018-11-14T08:25:48'
System info: host: 'DESKTOP-ODFPRUL', ip: '192.168.0.5', os.name: 'Windows 10', os.arch: 'amd64', os.version: '10.0', java.version: '1.8.0_231'
Driver info: driver.version: ChromeDriver
remote stacktrace: Backtrace:
Ordinal0 [0x00D5A113+1548563]
Ordinal0 [0x00CDDDA1+1039777]
Ordinal0 [0x00C5E32E+516910]
Ordinal0 [0x00C58012+491538]
Ordinal0 [0x00C586EB+493291]
Ordinal0 [0x00C59855+497749]
Ordinal0 [0x00C55885+481413]
Ordinal0 [0x00C5F0D0+520400]
Ordinal0 [0x00C0C030+180272]
Ordinal0 [0x00C0B59D+177565]
Ordinal0 [0x00C095FB+169467]
Ordinal0 [0x00BF160A+71178]
Ordinal0 [0x00BF2690+75408]
Ordinal0 [0x00BF2629+75305]
Ordinal0 [0x00CF71B7+1143223]
GetHandleVerifier [0x00DF2B46+507814]
GetHandleVerifier [0x00DF2864+507076]
GetHandleVerifier [0x00DF9F47+537511]
GetHandleVerifier [0x00DF3402+510050]
Ordinal0 [0x00CEF29C+1110684]
Ordinal0 [0x00CF938B+1151883]
Ordinal0 [0x00CF94F3+1152243]
Ordinal0 [0x00CF83F5+1147893]
BaseThreadInitThunk [0x76CA6359+25]
RtlGetAppContainerNamedObjectPath [0x77377B74+228]
RtlGetAppContainerNamedObjectPath [0x77377B44+180]

at sun.reflect.NativeConstructorAccessorImpl.newInstance0(Native Method)
at sun.reflect.NativeConstructorAccessorImpl.newInstance(Unknown Source)
at sun.reflect.DelegatingConstructorAccessorImpl.newInstance(Unknown Source)
at java.lang.reflect.Constructor.newInstance(Unknown Source)
at org.openqa.selenium.remote.W3CHandshakeResponse.lambda$errorHandler$0(W3CHandshakeResponse.java:62)
at org.openqa.selenium.remote.HandshakeResponse.lambda$getResponseFunction$0(HandshakeResponse.java:30)
at org.openqa.selenium.remote.ProtocolHandshake.lambda$createSession$0(ProtocolHandshake.java:126)
at java.util.stream.ReferencePipeline$3$1.accept(Unknown Source)
at java.util.Spliterators$ArraySpliterator.tryAdvance(Unknown Source)
at java.util.stream.ReferencePipeline.forEachWithCancel(Unknown Source)
at java.util.stream.AbstractPipeline.copyIntoWithCancel(Unknown Source)
at java.util.stream.AbstractPipeline.copyInto(Unknown Source)
at java.util.stream.AbstractPipeline.wrapAndCopyInto(Unknown Source)
at java.util.stream.FindOps$FindOp.evaluateSequential(Unknown Source)
at java.util.stream.AbstractPipeline.evaluate(Unknown Source)
at java.util.stream.ReferencePipeline.findFirst(Unknown Source)
at org.openqa.selenium.remote.ProtocolHandshake.createSession(ProtocolHandshake.java:128)
at org.openqa.selenium.remote.ProtocolHandshake.createSession(ProtocolHandshake.java:74)
at org.openqa.selenium.remote.HttpCommandExecutor.execute(HttpCommandExecutor.java:136)
at org.openqa.selenium.remote.service.DriverCommandExecutor.execute(DriverCommandExecutor.java:83)
at org.openqa.selenium.remote.RemoteWebDriver.execute(RemoteWebDriver.java:552)
at org.openqa.selenium.remote.RemoteWebDriver.startSession(RemoteWebDriver.java:213)
at org.openqa.selenium.remote.RemoteWebDriver.<init>(RemoteWebDriver.java:131)
at org.openqa.selenium.chrome.ChromeDriver.<init>(ChromeDriver.java:181)
at org.openqa.selenium.chrome.ChromeDriver.<init>(ChromeDriver.java:168)
at org.openqa.selenium.chrome.ChromeDriver.<init>(ChromeDriver.java:123)
at com.utils.CommonMethods.setUp(CommonMethods.java:35)
at com.class03.HwAdd5Employee.Open(HwAdd5Employee.java:17)
at sun.reflect.NativeMethodAccessorImpl.invoke0(Native Method)
at sun.reflect.NativeMethodAccessorImpl.invoke(Unknown Source)
at sun.reflect.DelegatingMethodAccessorImpl.invoke(Unknown Source)
at java.lang.reflect.Method.invoke(Unknown Source)
at org.testng.internal.MethodInvocationHelper.invokeMethod(MethodInvocationHelper.java:133)
at org.testng.internal.MethodInvocationHelper.invokeMethodConsideringTimeout(MethodInvocationHelper.java:62)
at org.testng.internal.ConfigInvoker.invokeConfigurationMethod(ConfigInvoker.java:340)
at org.testng.internal.ConfigInvoker.invokeConfigurations(ConfigInvoker.java:294)
at org.testng.internal.TestMethodWorker.invokeBeforeClassMethods(TestMethodWorker.java:176)
at org.testng.internal.TestMethodWorker.run(TestMethodWorker.java:122)
at java.util.ArrayList.forEach(Unknown Source)
at org.testng.TestRunner.privateRun(TestRunner.java:770)
at org.testng.TestRunner.run(TestRunner.java:591)
at org.testng.SuiteRunner.runTest(SuiteRunner.java:402)
at org.testng.SuiteRunner.runSequentially(SuiteRunner.java:396)
at org.testng.SuiteRunner.privateRun(SuiteRunner.java:355)
at org.testng.SuiteRunner.run(SuiteRunner.java:304)
at org.testng.SuiteRunnerWorker.runSuite(SuiteRunnerWorker.java:53)
at org.testng.SuiteRunnerWorker.run(SuiteRunnerWorker.java:96)
at org.testng.TestNG.runSuitesSequentially(TestNG.java:1180)
at org.testng.TestNG.runSuitesLocally(TestNG.java:1102)
at org.testng.TestNG.runSuites(TestNG.java:1032)
at org.testng.TestNG.run(TestNG.java:1000)
at org.testng.remote.AbstractRemoteTestNG.run(AbstractRemoteTestNG.java:115)
at org.testng.remote.RemoteTestNG.initAndRun(RemoteTestNG.java:251)
at org.testng.remote.RemoteTestNG.main(RemoteTestNG.java:77)
]]>
    </error>
  </testcase> <!-- Open -->
</testsuite> <!-- com.class03.HwAdd5Employee -->
